
*** Running vivado
    with args -log Procesor.vds -m64 -product Vivado -mode batch -messageDb vivado.pb -notrace -source Procesor.tcl


****** Vivado v2018.3 (64-bit)
  **** SW Build 2405991 on Thu Dec  6 23:38:27 MST 2018
  **** IP Build 2404404 on Fri Dec  7 01:43:56 MST 2018
    ** Copyright 1986-2018 Xilinx, Inc. All Rights Reserved.

source Procesor.tcl -notrace
Command: synth_design -top Procesor -part xc7a100tcsg324-1
Starting synth_design
Attempting to get a license for feature 'Synthesis' and/or device 'xc7a100t'
INFO: [Common 17-349] Got license for feature 'Synthesis' and/or device 'xc7a100t'
INFO: Launching helper process for spawning children vivado processes
INFO: Helper process launched with PID 16960 
---------------------------------------------------------------------------------
Starting RTL Elaboration : Time (s): cpu = 00:00:02 ; elapsed = 00:00:02 . Memory (MB): peak = 361.590 ; gain = 100.047
---------------------------------------------------------------------------------
INFO: [Synth 8-638] synthesizing module 'Procesor' [D:/LogisimEvolution/Proiecte/VivadoPr/Procesor/Procesor.srcs/sources_1/new/Procesor.vhd:14]
INFO: [Synth 8-3491] module 'MPG' declared at 'D:/LogisimEvolution/Proiecte/VivadoPr/Laborator_3/Laborator_3.srcs/sources_1/new/MPG.vhd:5' bound to instance 'C1' of component 'MPG' [D:/LogisimEvolution/Proiecte/VivadoPr/Procesor/Procesor.srcs/sources_1/new/Procesor.vhd:126]
INFO: [Synth 8-638] synthesizing module 'MPG' [D:/LogisimEvolution/Proiecte/VivadoPr/Laborator_3/Laborator_3.srcs/sources_1/new/MPG.vhd:13]
INFO: [Synth 8-3491] module 'Poarta_Si_N' declared at 'D:/LogisimEvolution/Proiecte/VivadoPr/Laborator_3/Laborator_3.srcs/sources_1/new/MPG.vhd:54' bound to instance 'c1' of component 'Poarta_Si_N' [D:/LogisimEvolution/Proiecte/VivadoPr/Laborator_3/Laborator_3.srcs/sources_1/new/MPG.vhd:26]
INFO: [Synth 8-638] synthesizing module 'Poarta_Si_N' [D:/LogisimEvolution/Proiecte/VivadoPr/Laborator_3/Laborator_3.srcs/sources_1/new/MPG.vhd:59]
WARNING: [Synth 8-613] shared variable will be implemented as local to architecture [D:/LogisimEvolution/Proiecte/VivadoPr/Laborator_3/Laborator_3.srcs/sources_1/new/MPG.vhd:60]
INFO: [Synth 8-256] done synthesizing module 'Poarta_Si_N' (1#1) [D:/LogisimEvolution/Proiecte/VivadoPr/Laborator_3/Laborator_3.srcs/sources_1/new/MPG.vhd:59]
WARNING: [Synth 8-614] signal 'Q2' is read in the process but is not in the sensitivity list [D:/LogisimEvolution/Proiecte/VivadoPr/Laborator_3/Laborator_3.srcs/sources_1/new/MPG.vhd:38]
WARNING: [Synth 8-614] signal 'Q3' is read in the process but is not in the sensitivity list [D:/LogisimEvolution/Proiecte/VivadoPr/Laborator_3/Laborator_3.srcs/sources_1/new/MPG.vhd:38]
INFO: [Synth 8-256] done synthesizing module 'MPG' (2#1) [D:/LogisimEvolution/Proiecte/VivadoPr/Laborator_3/Laborator_3.srcs/sources_1/new/MPG.vhd:13]
INFO: [Synth 8-3491] module 'MPG' declared at 'D:/LogisimEvolution/Proiecte/VivadoPr/Laborator_3/Laborator_3.srcs/sources_1/new/MPG.vhd:5' bound to instance 'C2' of component 'MPG' [D:/LogisimEvolution/Proiecte/VivadoPr/Procesor/Procesor.srcs/sources_1/new/Procesor.vhd:127]
INFO: [Synth 8-3491] module 'IFetch' declared at 'D:/LogisimEvolution/Proiecte/VivadoPr/Procesor/Procesor.srcs/sources_1/new/IFetch.vhd:4' bound to instance 'C3' of component 'IFetch' [D:/LogisimEvolution/Proiecte/VivadoPr/Procesor/Procesor.srcs/sources_1/new/Procesor.vhd:128]
INFO: [Synth 8-638] synthesizing module 'IFetch' [D:/LogisimEvolution/Proiecte/VivadoPr/Procesor/Procesor.srcs/sources_1/new/IFetch.vhd:16]
INFO: [Synth 8-3491] module 'ROM' declared at 'D:/LogisimEvolution/Proiecte/VivadoPr/Laborator_3/Laborator_3.srcs/sources_1/new/ROM.vhd:4' bound to instance 'RM' of component 'ROM' [D:/LogisimEvolution/Proiecte/VivadoPr/Procesor/Procesor.srcs/sources_1/new/IFetch.vhd:29]
INFO: [Synth 8-638] synthesizing module 'ROM' [D:/LogisimEvolution/Proiecte/VivadoPr/Laborator_3/Laborator_3.srcs/sources_1/new/ROM.vhd:10]
INFO: [Synth 8-256] done synthesizing module 'ROM' (3#1) [D:/LogisimEvolution/Proiecte/VivadoPr/Laborator_3/Laborator_3.srcs/sources_1/new/ROM.vhd:10]
INFO: [Synth 8-256] done synthesizing module 'IFetch' (4#1) [D:/LogisimEvolution/Proiecte/VivadoPr/Procesor/Procesor.srcs/sources_1/new/IFetch.vhd:16]
INFO: [Synth 8-3491] module 'InstructionDecoder' declared at 'D:/LogisimEvolution/Proiecte/VivadoPr/Procesor/Procesor.srcs/sources_1/new/InstructionDecoder.vhd:4' bound to instance 'C4' of component 'InstructionDecoder' [D:/LogisimEvolution/Proiecte/VivadoPr/Procesor/Procesor.srcs/sources_1/new/Procesor.vhd:129]
INFO: [Synth 8-638] synthesizing module 'InstructionDecoder' [D:/LogisimEvolution/Proiecte/VivadoPr/Procesor/Procesor.srcs/sources_1/new/InstructionDecoder.vhd:19]
INFO: [Synth 8-3491] module 'REG_FILE' declared at 'D:/LogisimEvolution/Proiecte/VivadoPr/Laborator_3/Laborator_3.srcs/sources_1/new/REG_FILE.vhd:4' bound to instance 'REG' of component 'REG_FILE' [D:/LogisimEvolution/Proiecte/VivadoPr/Procesor/Procesor.srcs/sources_1/new/InstructionDecoder.vhd:46]
INFO: [Synth 8-638] synthesizing module 'REG_FILE' [D:/LogisimEvolution/Proiecte/VivadoPr/Laborator_3/Laborator_3.srcs/sources_1/new/REG_FILE.vhd:16]
INFO: [Synth 8-256] done synthesizing module 'REG_FILE' (5#1) [D:/LogisimEvolution/Proiecte/VivadoPr/Laborator_3/Laborator_3.srcs/sources_1/new/REG_FILE.vhd:16]
INFO: [Synth 8-256] done synthesizing module 'InstructionDecoder' (6#1) [D:/LogisimEvolution/Proiecte/VivadoPr/Procesor/Procesor.srcs/sources_1/new/InstructionDecoder.vhd:19]
INFO: [Synth 8-3491] module 'MainControlUnit' declared at 'D:/LogisimEvolution/Proiecte/VivadoPr/Procesor/Procesor.srcs/sources_1/new/MainControlUnit.vhd:4' bound to instance 'C5' of component 'MainControlUnit' [D:/LogisimEvolution/Proiecte/VivadoPr/Procesor/Procesor.srcs/sources_1/new/Procesor.vhd:130]
INFO: [Synth 8-638] synthesizing module 'MainControlUnit' [D:/LogisimEvolution/Proiecte/VivadoPr/Procesor/Procesor.srcs/sources_1/new/MainControlUnit.vhd:17]
INFO: [Synth 8-256] done synthesizing module 'MainControlUnit' (7#1) [D:/LogisimEvolution/Proiecte/VivadoPr/Procesor/Procesor.srcs/sources_1/new/MainControlUnit.vhd:17]
INFO: [Synth 8-3491] module 'UnitateaDeExecutie' declared at 'D:/LogisimEvolution/Proiecte/VivadoPr/Procesor/Procesor.srcs/sources_1/new/UnitateaDeExecutie.vhd:5' bound to instance 'C6' of component 'UnitateaDeExecutie' [D:/LogisimEvolution/Proiecte/VivadoPr/Procesor/Procesor.srcs/sources_1/new/Procesor.vhd:131]
INFO: [Synth 8-638] synthesizing module 'UnitateaDeExecutie' [D:/LogisimEvolution/Proiecte/VivadoPr/Procesor/Procesor.srcs/sources_1/new/UnitateaDeExecutie.vhd:19]
INFO: [Synth 8-226] default block is never used [D:/LogisimEvolution/Proiecte/VivadoPr/Procesor/Procesor.srcs/sources_1/new/UnitateaDeExecutie.vhd:65]
WARNING: [Synth 8-3848] Net ZeroFlag in module/entity UnitateaDeExecutie does not have driver. [D:/LogisimEvolution/Proiecte/VivadoPr/Procesor/Procesor.srcs/sources_1/new/UnitateaDeExecutie.vhd:14]
INFO: [Synth 8-256] done synthesizing module 'UnitateaDeExecutie' (8#1) [D:/LogisimEvolution/Proiecte/VivadoPr/Procesor/Procesor.srcs/sources_1/new/UnitateaDeExecutie.vhd:19]
INFO: [Synth 8-3491] module 'UnitateaDeMemorie' declared at 'D:/LogisimEvolution/Proiecte/VivadoPr/Procesor/Procesor.srcs/sources_1/new/UnitateaDeMemorie.vhd:4' bound to instance 'C7' of component 'UnitateaDeMemorie' [D:/LogisimEvolution/Proiecte/VivadoPr/Procesor/Procesor.srcs/sources_1/new/Procesor.vhd:132]
INFO: [Synth 8-638] synthesizing module 'UnitateaDeMemorie' [D:/LogisimEvolution/Proiecte/VivadoPr/Procesor/Procesor.srcs/sources_1/new/UnitateaDeMemorie.vhd:14]
INFO: [Synth 8-256] done synthesizing module 'UnitateaDeMemorie' (9#1) [D:/LogisimEvolution/Proiecte/VivadoPr/Procesor/Procesor.srcs/sources_1/new/UnitateaDeMemorie.vhd:14]
INFO: [Synth 8-3491] module 'SEGMENTE' declared at 'D:/LogisimEvolution/Proiecte/VivadoPr/Laborator2/Laborator2.srcs/sources_1/new/SEGMENTE.vhd:5' bound to instance 'C8' of component 'SEGMENTE' [D:/LogisimEvolution/Proiecte/VivadoPr/Procesor/Procesor.srcs/sources_1/new/Procesor.vhd:161]
INFO: [Synth 8-638] synthesizing module 'SEGMENTE' [D:/LogisimEvolution/Proiecte/VivadoPr/Laborator2/Laborator2.srcs/sources_1/new/SEGMENTE.vhd:13]
INFO: [Synth 8-226] default block is never used [D:/LogisimEvolution/Proiecte/VivadoPr/Laborator2/Laborator2.srcs/sources_1/new/SEGMENTE.vhd:36]
INFO: [Synth 8-226] default block is never used [D:/LogisimEvolution/Proiecte/VivadoPr/Laborator2/Laborator2.srcs/sources_1/new/SEGMENTE.vhd:50]
INFO: [Synth 8-226] default block is never used [D:/LogisimEvolution/Proiecte/VivadoPr/Laborator2/Laborator2.srcs/sources_1/new/SEGMENTE.vhd:64]
INFO: [Synth 8-256] done synthesizing module 'SEGMENTE' (10#1) [D:/LogisimEvolution/Proiecte/VivadoPr/Laborator2/Laborator2.srcs/sources_1/new/SEGMENTE.vhd:13]
INFO: [Synth 8-256] done synthesizing module 'Procesor' (11#1) [D:/LogisimEvolution/Proiecte/VivadoPr/Procesor/Procesor.srcs/sources_1/new/Procesor.vhd:14]
WARNING: [Synth 8-3331] design UnitateaDeExecutie has unconnected port ZeroFlag
WARNING: [Synth 8-3331] design Procesor has unconnected port LED[15]
WARNING: [Synth 8-3331] design Procesor has unconnected port LED[14]
WARNING: [Synth 8-3331] design Procesor has unconnected port LED[13]
WARNING: [Synth 8-3331] design Procesor has unconnected port LED[12]
WARNING: [Synth 8-3331] design Procesor has unconnected port LED[11]
WARNING: [Synth 8-3331] design Procesor has unconnected port LED[10]
WARNING: [Synth 8-3331] design Procesor has unconnected port BTN[4]
WARNING: [Synth 8-3331] design Procesor has unconnected port BTN[3]
WARNING: [Synth 8-3331] design Procesor has unconnected port BTN[2]
WARNING: [Synth 8-3331] design Procesor has unconnected port SW[15]
WARNING: [Synth 8-3331] design Procesor has unconnected port SW[14]
WARNING: [Synth 8-3331] design Procesor has unconnected port SW[13]
WARNING: [Synth 8-3331] design Procesor has unconnected port SW[12]
WARNING: [Synth 8-3331] design Procesor has unconnected port SW[11]
WARNING: [Synth 8-3331] design Procesor has unconnected port SW[10]
WARNING: [Synth 8-3331] design Procesor has unconnected port SW[9]
WARNING: [Synth 8-3331] design Procesor has unconnected port SW[8]
WARNING: [Synth 8-3331] design Procesor has unconnected port SW[4]
WARNING: [Synth 8-3331] design Procesor has unconnected port SW[3]
WARNING: [Synth 8-3331] design Procesor has unconnected port SW[2]
WARNING: [Synth 8-3331] design Procesor has unconnected port SW[1]
WARNING: [Synth 8-3331] design Procesor has unconnected port SW[0]
---------------------------------------------------------------------------------
Finished RTL Elaboration : Time (s): cpu = 00:00:03 ; elapsed = 00:00:03 . Memory (MB): peak = 418.211 ; gain = 156.668
---------------------------------------------------------------------------------

Report Check Netlist: 
+------+------------------+-------+---------+-------+------------------+
|      |Item              |Errors |Warnings |Status |Description       |
+------+------------------+-------+---------+-------+------------------+
|1     |multi_driven_nets |      0|        0|Passed |Multi driven nets |
+------+------------------+-------+---------+-------+------------------+
---------------------------------------------------------------------------------
Start Handling Custom Attributes
---------------------------------------------------------------------------------
---------------------------------------------------------------------------------
Finished Handling Custom Attributes : Time (s): cpu = 00:00:03 ; elapsed = 00:00:03 . Memory (MB): peak = 418.211 ; gain = 156.668
---------------------------------------------------------------------------------
---------------------------------------------------------------------------------
Finished RTL Optimization Phase 1 : Time (s): cpu = 00:00:03 ; elapsed = 00:00:03 . Memory (MB): peak = 418.211 ; gain = 156.668
---------------------------------------------------------------------------------
INFO: [Device 21-403] Loading part xc7a100tcsg324-1
INFO: [Project 1-570] Preparing netlist for logic optimization

Processing XDC Constraints
Initializing timing engine
Parsing XDC File [D:/Proiecte_Vivado/NexysA7_test_env.xdc]
WARNING: [Vivado 12-584] No ports matched 'clk'. [D:/Proiecte_Vivado/NexysA7_test_env.xdc:8]
CRITICAL WARNING: [Common 17-55] 'set_property' expects at least one object. [D:/Proiecte_Vivado/NexysA7_test_env.xdc:8]
Resolution: If [get_<value>] was used to populate the object, check to make sure this command returns at least one valid object.
WARNING: [Vivado 12-584] No ports matched 'clk'. [D:/Proiecte_Vivado/NexysA7_test_env.xdc:9]
CRITICAL WARNING: [Vivado 12-4739] create_clock:No valid object(s) found for '-objects [get_ports clk]'. [D:/Proiecte_Vivado/NexysA7_test_env.xdc:9]
Resolution: Check if the specified object(s) exists in the current design. If it does, ensure that the correct design hierarchy was specified for the object. If you are working with clocks, make sure create_clock was used to create the clock object before it is referenced.
WARNING: [Vivado 12-584] No ports matched 'sw[0]'. [D:/Proiecte_Vivado/NexysA7_test_env.xdc:13]
CRITICAL WARNING: [Common 17-55] 'set_property' expects at least one object. [D:/Proiecte_Vivado/NexysA7_test_env.xdc:13]
Resolution: If [get_<value>] was used to populate the object, check to make sure this command returns at least one valid object.
WARNING: [Vivado 12-584] No ports matched 'sw[1]'. [D:/Proiecte_Vivado/NexysA7_test_env.xdc:14]
CRITICAL WARNING: [Common 17-55] 'set_property' expects at least one object. [D:/Proiecte_Vivado/NexysA7_test_env.xdc:14]
Resolution: If [get_<value>] was used to populate the object, check to make sure this command returns at least one valid object.
WARNING: [Vivado 12-584] No ports matched 'sw[2]'. [D:/Proiecte_Vivado/NexysA7_test_env.xdc:15]
CRITICAL WARNING: [Common 17-55] 'set_property' expects at least one object. [D:/Proiecte_Vivado/NexysA7_test_env.xdc:15]
Resolution: If [get_<value>] was used to populate the object, check to make sure this command returns at least one valid object.
WARNING: [Vivado 12-584] No ports matched 'sw[3]'. [D:/Proiecte_Vivado/NexysA7_test_env.xdc:16]
CRITICAL WARNING: [Common 17-55] 'set_property' expects at least one object. [D:/Proiecte_Vivado/NexysA7_test_env.xdc:16]
Resolution: If [get_<value>] was used to populate the object, check to make sure this command returns at least one valid object.
WARNING: [Vivado 12-584] No ports matched 'sw[4]'. [D:/Proiecte_Vivado/NexysA7_test_env.xdc:17]
CRITICAL WARNING: [Common 17-55] 'set_property' expects at least one object. [D:/Proiecte_Vivado/NexysA7_test_env.xdc:17]
Resolution: If [get_<value>] was used to populate the object, check to make sure this command returns at least one valid object.
WARNING: [Vivado 12-584] No ports matched 'sw[5]'. [D:/Proiecte_Vivado/NexysA7_test_env.xdc:18]
CRITICAL WARNING: [Common 17-55] 'set_property' expects at least one object. [D:/Proiecte_Vivado/NexysA7_test_env.xdc:18]
Resolution: If [get_<value>] was used to populate the object, check to make sure this command returns at least one valid object.
WARNING: [Vivado 12-584] No ports matched 'sw[6]'. [D:/Proiecte_Vivado/NexysA7_test_env.xdc:19]
CRITICAL WARNING: [Common 17-55] 'set_property' expects at least one object. [D:/Proiecte_Vivado/NexysA7_test_env.xdc:19]
Resolution: If [get_<value>] was used to populate the object, check to make sure this command returns at least one valid object.
WARNING: [Vivado 12-584] No ports matched 'sw[7]'. [D:/Proiecte_Vivado/NexysA7_test_env.xdc:20]
CRITICAL WARNING: [Common 17-55] 'set_property' expects at least one object. [D:/Proiecte_Vivado/NexysA7_test_env.xdc:20]
Resolution: If [get_<value>] was used to populate the object, check to make sure this command returns at least one valid object.
WARNING: [Vivado 12-584] No ports matched 'sw[8]'. [D:/Proiecte_Vivado/NexysA7_test_env.xdc:21]
CRITICAL WARNING: [Common 17-55] 'set_property' expects at least one object. [D:/Proiecte_Vivado/NexysA7_test_env.xdc:21]
Resolution: If [get_<value>] was used to populate the object, check to make sure this command returns at least one valid object.
WARNING: [Vivado 12-584] No ports matched 'sw[9]'. [D:/Proiecte_Vivado/NexysA7_test_env.xdc:22]
CRITICAL WARNING: [Common 17-55] 'set_property' expects at least one object. [D:/Proiecte_Vivado/NexysA7_test_env.xdc:22]
Resolution: If [get_<value>] was used to populate the object, check to make sure this command returns at least one valid object.
WARNING: [Vivado 12-584] No ports matched 'sw[10]'. [D:/Proiecte_Vivado/NexysA7_test_env.xdc:23]
CRITICAL WARNING: [Common 17-55] 'set_property' expects at least one object. [D:/Proiecte_Vivado/NexysA7_test_env.xdc:23]
Resolution: If [get_<value>] was used to populate the object, check to make sure this command returns at least one valid object.
WARNING: [Vivado 12-584] No ports matched 'sw[11]'. [D:/Proiecte_Vivado/NexysA7_test_env.xdc:24]
CRITICAL WARNING: [Common 17-55] 'set_property' expects at least one object. [D:/Proiecte_Vivado/NexysA7_test_env.xdc:24]
Resolution: If [get_<value>] was used to populate the object, check to make sure this command returns at least one valid object.
WARNING: [Vivado 12-584] No ports matched 'sw[12]'. [D:/Proiecte_Vivado/NexysA7_test_env.xdc:25]
CRITICAL WARNING: [Common 17-55] 'set_property' expects at least one object. [D:/Proiecte_Vivado/NexysA7_test_env.xdc:25]
Resolution: If [get_<value>] was used to populate the object, check to make sure this command returns at least one valid object.
WARNING: [Vivado 12-584] No ports matched 'sw[13]'. [D:/Proiecte_Vivado/NexysA7_test_env.xdc:26]
CRITICAL WARNING: [Common 17-55] 'set_property' expects at least one object. [D:/Proiecte_Vivado/NexysA7_test_env.xdc:26]
Resolution: If [get_<value>] was used to populate the object, check to make sure this command returns at least one valid object.
WARNING: [Vivado 12-584] No ports matched 'sw[14]'. [D:/Proiecte_Vivado/NexysA7_test_env.xdc:27]
CRITICAL WARNING: [Common 17-55] 'set_property' expects at least one object. [D:/Proiecte_Vivado/NexysA7_test_env.xdc:27]
Resolution: If [get_<value>] was used to populate the object, check to make sure this command returns at least one valid object.
WARNING: [Vivado 12-584] No ports matched 'sw[15]'. [D:/Proiecte_Vivado/NexysA7_test_env.xdc:28]
CRITICAL WARNING: [Common 17-55] 'set_property' expects at least one object. [D:/Proiecte_Vivado/NexysA7_test_env.xdc:28]
Resolution: If [get_<value>] was used to populate the object, check to make sure this command returns at least one valid object.
WARNING: [Vivado 12-584] No ports matched 'led[0]'. [D:/Proiecte_Vivado/NexysA7_test_env.xdc:32]
CRITICAL WARNING: [Common 17-55] 'set_property' expects at least one object. [D:/Proiecte_Vivado/NexysA7_test_env.xdc:32]
Resolution: If [get_<value>] was used to populate the object, check to make sure this command returns at least one valid object.
WARNING: [Vivado 12-584] No ports matched 'led[1]'. [D:/Proiecte_Vivado/NexysA7_test_env.xdc:33]
CRITICAL WARNING: [Common 17-55] 'set_property' expects at least one object. [D:/Proiecte_Vivado/NexysA7_test_env.xdc:33]
Resolution: If [get_<value>] was used to populate the object, check to make sure this command returns at least one valid object.
WARNING: [Vivado 12-584] No ports matched 'led[2]'. [D:/Proiecte_Vivado/NexysA7_test_env.xdc:34]
CRITICAL WARNING: [Common 17-55] 'set_property' expects at least one object. [D:/Proiecte_Vivado/NexysA7_test_env.xdc:34]
Resolution: If [get_<value>] was used to populate the object, check to make sure this command returns at least one valid object.
WARNING: [Vivado 12-584] No ports matched 'led[3]'. [D:/Proiecte_Vivado/NexysA7_test_env.xdc:35]
CRITICAL WARNING: [Common 17-55] 'set_property' expects at least one object. [D:/Proiecte_Vivado/NexysA7_test_env.xdc:35]
Resolution: If [get_<value>] was used to populate the object, check to make sure this command returns at least one valid object.
WARNING: [Vivado 12-584] No ports matched 'led[4]'. [D:/Proiecte_Vivado/NexysA7_test_env.xdc:36]
CRITICAL WARNING: [Common 17-55] 'set_property' expects at least one object. [D:/Proiecte_Vivado/NexysA7_test_env.xdc:36]
Resolution: If [get_<value>] was used to populate the object, check to make sure this command returns at least one valid object.
WARNING: [Vivado 12-584] No ports matched 'led[5]'. [D:/Proiecte_Vivado/NexysA7_test_env.xdc:37]
CRITICAL WARNING: [Common 17-55] 'set_property' expects at least one object. [D:/Proiecte_Vivado/NexysA7_test_env.xdc:37]
Resolution: If [get_<value>] was used to populate the object, check to make sure this command returns at least one valid object.
WARNING: [Vivado 12-584] No ports matched 'led[6]'. [D:/Proiecte_Vivado/NexysA7_test_env.xdc:38]
CRITICAL WARNING: [Common 17-55] 'set_property' expects at least one object. [D:/Proiecte_Vivado/NexysA7_test_env.xdc:38]
Resolution: If [get_<value>] was used to populate the object, check to make sure this command returns at least one valid object.
WARNING: [Vivado 12-584] No ports matched 'led[7]'. [D:/Proiecte_Vivado/NexysA7_test_env.xdc:39]
CRITICAL WARNING: [Common 17-55] 'set_property' expects at least one object. [D:/Proiecte_Vivado/NexysA7_test_env.xdc:39]
Resolution: If [get_<value>] was used to populate the object, check to make sure this command returns at least one valid object.
WARNING: [Vivado 12-584] No ports matched 'led[8]'. [D:/Proiecte_Vivado/NexysA7_test_env.xdc:40]
CRITICAL WARNING: [Common 17-55] 'set_property' expects at least one object. [D:/Proiecte_Vivado/NexysA7_test_env.xdc:40]
Resolution: If [get_<value>] was used to populate the object, check to make sure this command returns at least one valid object.
WARNING: [Vivado 12-584] No ports matched 'led[9]'. [D:/Proiecte_Vivado/NexysA7_test_env.xdc:41]
CRITICAL WARNING: [Common 17-55] 'set_property' expects at least one object. [D:/Proiecte_Vivado/NexysA7_test_env.xdc:41]
Resolution: If [get_<value>] was used to populate the object, check to make sure this command returns at least one valid object.
WARNING: [Vivado 12-584] No ports matched 'led[10]'. [D:/Proiecte_Vivado/NexysA7_test_env.xdc:42]
CRITICAL WARNING: [Common 17-55] 'set_property' expects at least one object. [D:/Proiecte_Vivado/NexysA7_test_env.xdc:42]
Resolution: If [get_<value>] was used to populate the object, check to make sure this command returns at least one valid object.
WARNING: [Vivado 12-584] No ports matched 'led[11]'. [D:/Proiecte_Vivado/NexysA7_test_env.xdc:43]
CRITICAL WARNING: [Common 17-55] 'set_property' expects at least one object. [D:/Proiecte_Vivado/NexysA7_test_env.xdc:43]
Resolution: If [get_<value>] was used to populate the object, check to make sure this command returns at least one valid object.
WARNING: [Vivado 12-584] No ports matched 'led[12]'. [D:/Proiecte_Vivado/NexysA7_test_env.xdc:44]
CRITICAL WARNING: [Common 17-55] 'set_property' expects at least one object. [D:/Proiecte_Vivado/NexysA7_test_env.xdc:44]
Resolution: If [get_<value>] was used to populate the object, check to make sure this command returns at least one valid object.
WARNING: [Vivado 12-584] No ports matched 'led[13]'. [D:/Proiecte_Vivado/NexysA7_test_env.xdc:45]
CRITICAL WARNING: [Common 17-55] 'set_property' expects at least one object. [D:/Proiecte_Vivado/NexysA7_test_env.xdc:45]
Resolution: If [get_<value>] was used to populate the object, check to make sure this command returns at least one valid object.
WARNING: [Vivado 12-584] No ports matched 'led[14]'. [D:/Proiecte_Vivado/NexysA7_test_env.xdc:46]
CRITICAL WARNING: [Common 17-55] 'set_property' expects at least one object. [D:/Proiecte_Vivado/NexysA7_test_env.xdc:46]
Resolution: If [get_<value>] was used to populate the object, check to make sure this command returns at least one valid object.
WARNING: [Vivado 12-584] No ports matched 'led[15]'. [D:/Proiecte_Vivado/NexysA7_test_env.xdc:47]
CRITICAL WARNING: [Common 17-55] 'set_property' expects at least one object. [D:/Proiecte_Vivado/NexysA7_test_env.xdc:47]
Resolution: If [get_<value>] was used to populate the object, check to make sure this command returns at least one valid object.
WARNING: [Vivado 12-584] No ports matched 'cat[0]'. [D:/Proiecte_Vivado/NexysA7_test_env.xdc:51]
CRITICAL WARNING: [Common 17-55] 'set_property' expects at least one object. [D:/Proiecte_Vivado/NexysA7_test_env.xdc:51]
Resolution: If [get_<value>] was used to populate the object, check to make sure this command returns at least one valid object.
WARNING: [Vivado 12-584] No ports matched 'cat[1]'. [D:/Proiecte_Vivado/NexysA7_test_env.xdc:52]
CRITICAL WARNING: [Common 17-55] 'set_property' expects at least one object. [D:/Proiecte_Vivado/NexysA7_test_env.xdc:52]
Resolution: If [get_<value>] was used to populate the object, check to make sure this command returns at least one valid object.
WARNING: [Vivado 12-584] No ports matched 'cat[2]'. [D:/Proiecte_Vivado/NexysA7_test_env.xdc:53]
CRITICAL WARNING: [Common 17-55] 'set_property' expects at least one object. [D:/Proiecte_Vivado/NexysA7_test_env.xdc:53]
Resolution: If [get_<value>] was used to populate the object, check to make sure this command returns at least one valid object.
WARNING: [Vivado 12-584] No ports matched 'cat[3]'. [D:/Proiecte_Vivado/NexysA7_test_env.xdc:54]
CRITICAL WARNING: [Common 17-55] 'set_property' expects at least one object. [D:/Proiecte_Vivado/NexysA7_test_env.xdc:54]
Resolution: If [get_<value>] was used to populate the object, check to make sure this command returns at least one valid object.
WARNING: [Vivado 12-584] No ports matched 'cat[4]'. [D:/Proiecte_Vivado/NexysA7_test_env.xdc:55]
CRITICAL WARNING: [Common 17-55] 'set_property' expects at least one object. [D:/Proiecte_Vivado/NexysA7_test_env.xdc:55]
Resolution: If [get_<value>] was used to populate the object, check to make sure this command returns at least one valid object.
WARNING: [Vivado 12-584] No ports matched 'cat[5]'. [D:/Proiecte_Vivado/NexysA7_test_env.xdc:56]
CRITICAL WARNING: [Common 17-55] 'set_property' expects at least one object. [D:/Proiecte_Vivado/NexysA7_test_env.xdc:56]
Resolution: If [get_<value>] was used to populate the object, check to make sure this command returns at least one valid object.
WARNING: [Vivado 12-584] No ports matched 'cat[6]'. [D:/Proiecte_Vivado/NexysA7_test_env.xdc:57]
CRITICAL WARNING: [Common 17-55] 'set_property' expects at least one object. [D:/Proiecte_Vivado/NexysA7_test_env.xdc:57]
Resolution: If [get_<value>] was used to populate the object, check to make sure this command returns at least one valid object.
WARNING: [Vivado 12-584] No ports matched 'an[0]'. [D:/Proiecte_Vivado/NexysA7_test_env.xdc:60]
CRITICAL WARNING: [Common 17-55] 'set_property' expects at least one object. [D:/Proiecte_Vivado/NexysA7_test_env.xdc:60]
Resolution: If [get_<value>] was used to populate the object, check to make sure this command returns at least one valid object.
WARNING: [Vivado 12-584] No ports matched 'an[1]'. [D:/Proiecte_Vivado/NexysA7_test_env.xdc:61]
CRITICAL WARNING: [Common 17-55] 'set_property' expects at least one object. [D:/Proiecte_Vivado/NexysA7_test_env.xdc:61]
Resolution: If [get_<value>] was used to populate the object, check to make sure this command returns at least one valid object.
WARNING: [Vivado 12-584] No ports matched 'an[2]'. [D:/Proiecte_Vivado/NexysA7_test_env.xdc:62]
CRITICAL WARNING: [Common 17-55] 'set_property' expects at least one object. [D:/Proiecte_Vivado/NexysA7_test_env.xdc:62]
Resolution: If [get_<value>] was used to populate the object, check to make sure this command returns at least one valid object.
WARNING: [Vivado 12-584] No ports matched 'an[3]'. [D:/Proiecte_Vivado/NexysA7_test_env.xdc:63]
CRITICAL WARNING: [Common 17-55] 'set_property' expects at least one object. [D:/Proiecte_Vivado/NexysA7_test_env.xdc:63]
Resolution: If [get_<value>] was used to populate the object, check to make sure this command returns at least one valid object.
WARNING: [Vivado 12-584] No ports matched 'an[4]'. [D:/Proiecte_Vivado/NexysA7_test_env.xdc:64]
CRITICAL WARNING: [Common 17-55] 'set_property' expects at least one object. [D:/Proiecte_Vivado/NexysA7_test_env.xdc:64]
Resolution: If [get_<value>] was used to populate the object, check to make sure this command returns at least one valid object.
WARNING: [Vivado 12-584] No ports matched 'an[5]'. [D:/Proiecte_Vivado/NexysA7_test_env.xdc:65]
CRITICAL WARNING: [Common 17-55] 'set_property' expects at least one object. [D:/Proiecte_Vivado/NexysA7_test_env.xdc:65]
Resolution: If [get_<value>] was used to populate the object, check to make sure this command returns at least one valid object.
WARNING: [Vivado 12-584] No ports matched 'an[6]'. [D:/Proiecte_Vivado/NexysA7_test_env.xdc:66]
CRITICAL WARNING: [Common 17-55] 'set_property' expects at least one object. [D:/Proiecte_Vivado/NexysA7_test_env.xdc:66]
Resolution: If [get_<value>] was used to populate the object, check to make sure this command returns at least one valid object.
WARNING: [Vivado 12-584] No ports matched 'an[7]'. [D:/Proiecte_Vivado/NexysA7_test_env.xdc:67]
CRITICAL WARNING: [Common 17-55] 'set_property' expects at least one object. [D:/Proiecte_Vivado/NexysA7_test_env.xdc:67]
Resolution: If [get_<value>] was used to populate the object, check to make sure this command returns at least one valid object.
WARNING: [Vivado 12-584] No ports matched 'btn[0]'. [D:/Proiecte_Vivado/NexysA7_test_env.xdc:71]
CRITICAL WARNING: [Common 17-55] 'set_property' expects at least one object. [D:/Proiecte_Vivado/NexysA7_test_env.xdc:71]
Resolution: If [get_<value>] was used to populate the object, check to make sure this command returns at least one valid object.
WARNING: [Vivado 12-584] No ports matched 'btn[1]'. [D:/Proiecte_Vivado/NexysA7_test_env.xdc:72]
CRITICAL WARNING: [Common 17-55] 'set_property' expects at least one object. [D:/Proiecte_Vivado/NexysA7_test_env.xdc:72]
Resolution: If [get_<value>] was used to populate the object, check to make sure this command returns at least one valid object.
WARNING: [Vivado 12-584] No ports matched 'btn[2]'. [D:/Proiecte_Vivado/NexysA7_test_env.xdc:73]
CRITICAL WARNING: [Common 17-55] 'set_property' expects at least one object. [D:/Proiecte_Vivado/NexysA7_test_env.xdc:73]
Resolution: If [get_<value>] was used to populate the object, check to make sure this command returns at least one valid object.
WARNING: [Vivado 12-584] No ports matched 'btn[3]'. [D:/Proiecte_Vivado/NexysA7_test_env.xdc:74]
CRITICAL WARNING: [Common 17-55] 'set_property' expects at least one object. [D:/Proiecte_Vivado/NexysA7_test_env.xdc:74]
Resolution: If [get_<value>] was used to populate the object, check to make sure this command returns at least one valid object.
WARNING: [Vivado 12-584] No ports matched 'btn[4]'. [D:/Proiecte_Vivado/NexysA7_test_env.xdc:75]
CRITICAL WARNING: [Common 17-55] 'set_property' expects at least one object. [D:/Proiecte_Vivado/NexysA7_test_env.xdc:75]
Resolution: If [get_<value>] was used to populate the object, check to make sure this command returns at least one valid object.
Finished Parsing XDC File [D:/Proiecte_Vivado/NexysA7_test_env.xdc]
Completed Processing XDC Constraints

Netlist sorting complete. Time (s): cpu = 00:00:00 ; elapsed = 00:00:00 . Memory (MB): peak = 750.887 ; gain = 0.000
INFO: [Project 1-111] Unisim Transformation Summary:
No Unisim elements were transformed.

Netlist sorting complete. Time (s): cpu = 00:00:00 ; elapsed = 00:00:00.001 . Memory (MB): peak = 750.887 ; gain = 0.000
WARNING: [Constraints 18-5210] No constraints selected for write.
Resolution: This message can indicate that there are no constraints for the design, or it can indicate that the used_in flags are set such that the constraints are ignored. This later case is used when running synth_design to not write synthesis constraints to the resulting checkpoint. Instead, project constraints are read when the synthesized design is opened.
Constraint Validation Runtime : Time (s): cpu = 00:00:00 ; elapsed = 00:00:00.035 . Memory (MB): peak = 751.754 ; gain = 0.867
---------------------------------------------------------------------------------
Finished Constraint Validation : Time (s): cpu = 00:00:09 ; elapsed = 00:00:11 . Memory (MB): peak = 751.754 ; gain = 490.211
---------------------------------------------------------------------------------
---------------------------------------------------------------------------------
Start Loading Part and Timing Information
---------------------------------------------------------------------------------
Loading part: xc7a100tcsg324-1
---------------------------------------------------------------------------------
Finished Loading Part and Timing Information : Time (s): cpu = 00:00:09 ; elapsed = 00:00:11 . Memory (MB): peak = 751.754 ; gain = 490.211
---------------------------------------------------------------------------------
---------------------------------------------------------------------------------
Start Applying 'set_property' XDC Constraints
---------------------------------------------------------------------------------
---------------------------------------------------------------------------------
Finished applying 'set_property' XDC Constraints : Time (s): cpu = 00:00:09 ; elapsed = 00:00:11 . Memory (MB): peak = 751.754 ; gain = 490.211
---------------------------------------------------------------------------------
INFO: [Synth 8-5546] ROM "ROM" won't be mapped to RAM because it is too sparse
WARNING: [Synth 8-327] inferring latch for variable 'RD1_reg' [D:/LogisimEvolution/Proiecte/VivadoPr/Laborator_3/Laborator_3.srcs/sources_1/new/REG_FILE.vhd:28]
WARNING: [Synth 8-327] inferring latch for variable 'RD2_reg' [D:/LogisimEvolution/Proiecte/VivadoPr/Laborator_3/Laborator_3.srcs/sources_1/new/REG_FILE.vhd:29]
WARNING: [Synth 8-327] inferring latch for variable 'RegDst_reg' [D:/LogisimEvolution/Proiecte/VivadoPr/Procesor/Procesor.srcs/sources_1/new/MainControlUnit.vhd:19]
WARNING: [Synth 8-327] inferring latch for variable 'ExtOp_reg' [D:/LogisimEvolution/Proiecte/VivadoPr/Procesor/Procesor.srcs/sources_1/new/MainControlUnit.vhd:19]
WARNING: [Synth 8-327] inferring latch for variable 'ALUSrc_reg' [D:/LogisimEvolution/Proiecte/VivadoPr/Procesor/Procesor.srcs/sources_1/new/MainControlUnit.vhd:19]
WARNING: [Synth 8-327] inferring latch for variable 'Branch_reg' [D:/LogisimEvolution/Proiecte/VivadoPr/Procesor/Procesor.srcs/sources_1/new/MainControlUnit.vhd:20]
WARNING: [Synth 8-327] inferring latch for variable 'MemToReg_reg' [D:/LogisimEvolution/Proiecte/VivadoPr/Procesor/Procesor.srcs/sources_1/new/MainControlUnit.vhd:21]
---------------------------------------------------------------------------------
Finished RTL Optimization Phase 2 : Time (s): cpu = 00:00:10 ; elapsed = 00:00:11 . Memory (MB): peak = 751.754 ; gain = 490.211
---------------------------------------------------------------------------------

Report RTL Partitions: 
+-+--------------+------------+----------+
| |RTL Partition |Replication |Instances |
+-+--------------+------------+----------+
+-+--------------+------------+----------+
---------------------------------------------------------------------------------
Start RTL Component Statistics 
---------------------------------------------------------------------------------
Detailed RTL Component Info : 
+---Adders : 
	   2 Input     32 Bit       Adders := 2     
	   3 Input     32 Bit       Adders := 1     
+---XORs : 
	   2 Input     32 Bit         XORs := 1     
+---Registers : 
	               32 Bit    Registers := 1     
	                1 Bit    Registers := 6     
+---RAMs : 
	               2K Bit         RAMs := 1     
	             1024 Bit         RAMs := 1     
+---Muxes : 
	  33 Input     32 Bit        Muxes := 1     
	   2 Input     32 Bit        Muxes := 5     
	   8 Input      8 Bit        Muxes := 1     
	   2 Input      5 Bit        Muxes := 1     
	   9 Input      3 Bit        Muxes := 1     
	  14 Input      3 Bit        Muxes := 1     
	   9 Input      1 Bit        Muxes := 9     
---------------------------------------------------------------------------------
Finished RTL Component Statistics 
---------------------------------------------------------------------------------
---------------------------------------------------------------------------------
Start RTL Hierarchical Component Statistics 
---------------------------------------------------------------------------------
Hierarchical RTL Component report 
Module Procesor 
Detailed RTL Component Info : 
+---Muxes : 
	   2 Input     32 Bit        Muxes := 1     
Module MPG 
Detailed RTL Component Info : 
+---Registers : 
	                1 Bit    Registers := 3     
Module ROM 
Detailed RTL Component Info : 
+---Muxes : 
	  33 Input     32 Bit        Muxes := 1     
Module IFetch 
Detailed RTL Component Info : 
+---Registers : 
	               32 Bit    Registers := 1     
+---Muxes : 
	   2 Input     32 Bit        Muxes := 2     
Module REG_FILE 
Detailed RTL Component Info : 
+---RAMs : 
	             1024 Bit         RAMs := 1     
Module InstructionDecoder 
Detailed RTL Component Info : 
+---Muxes : 
	   2 Input     32 Bit        Muxes := 1     
	   2 Input      5 Bit        Muxes := 1     
Module MainControlUnit 
Detailed RTL Component Info : 
+---Muxes : 
	   9 Input      3 Bit        Muxes := 1     
	   9 Input      1 Bit        Muxes := 9     
Module UnitateaDeExecutie 
Detailed RTL Component Info : 
+---Adders : 
	   2 Input     32 Bit       Adders := 2     
	   3 Input     32 Bit       Adders := 1     
+---XORs : 
	   2 Input     32 Bit         XORs := 1     
+---Muxes : 
	   2 Input     32 Bit        Muxes := 1     
	  14 Input      3 Bit        Muxes := 1     
Module UnitateaDeMemorie 
Detailed RTL Component Info : 
+---RAMs : 
	               2K Bit         RAMs := 1     
Module SEGMENTE 
Detailed RTL Component Info : 
+---Muxes : 
	   8 Input      8 Bit        Muxes := 1     
---------------------------------------------------------------------------------
Finished RTL Hierarchical Component Statistics
---------------------------------------------------------------------------------
---------------------------------------------------------------------------------
Start Part Resource Summary
---------------------------------------------------------------------------------
Part Resources:
DSPs: 240 (col length:80)
BRAMs: 270 (col length: RAMB18 80 RAMB36 40)
---------------------------------------------------------------------------------
Finished Part Resource Summary
---------------------------------------------------------------------------------
---------------------------------------------------------------------------------
Start Cross Boundary and Area Optimization
---------------------------------------------------------------------------------
Warning: Parallel synthesis criteria is not met 
WARNING: [Synth 8-3917] design Procesor has port LED[9] driven by constant 0
WARNING: [Synth 8-3917] design Procesor has port LED[8] driven by constant 0
WARNING: [Synth 8-3917] design Procesor has port LED[7] driven by constant 0
WARNING: [Synth 8-3917] design Procesor has port LED[6] driven by constant 0
WARNING: [Synth 8-3917] design Procesor has port LED[5] driven by constant 0
WARNING: [Synth 8-3917] design Procesor has port LED[4] driven by constant 0
WARNING: [Synth 8-3917] design Procesor has port LED[3] driven by constant 0
WARNING: [Synth 8-3917] design Procesor has port LED[2] driven by constant 0
WARNING: [Synth 8-3917] design Procesor has port LED[1] driven by constant 0
WARNING: [Synth 8-3917] design Procesor has port LED[0] driven by constant 0
WARNING: [Synth 8-3331] design Procesor has unconnected port LED[15]
WARNING: [Synth 8-3331] design Procesor has unconnected port LED[14]
WARNING: [Synth 8-3331] design Procesor has unconnected port LED[13]
WARNING: [Synth 8-3331] design Procesor has unconnected port LED[12]
WARNING: [Synth 8-3331] design Procesor has unconnected port LED[11]
WARNING: [Synth 8-3331] design Procesor has unconnected port LED[10]
WARNING: [Synth 8-3331] design Procesor has unconnected port BTN[4]
WARNING: [Synth 8-3331] design Procesor has unconnected port BTN[3]
WARNING: [Synth 8-3331] design Procesor has unconnected port BTN[2]
WARNING: [Synth 8-3331] design Procesor has unconnected port SW[15]
WARNING: [Synth 8-3331] design Procesor has unconnected port SW[14]
WARNING: [Synth 8-3331] design Procesor has unconnected port SW[13]
WARNING: [Synth 8-3331] design Procesor has unconnected port SW[12]
WARNING: [Synth 8-3331] design Procesor has unconnected port SW[11]
WARNING: [Synth 8-3331] design Procesor has unconnected port SW[10]
WARNING: [Synth 8-3331] design Procesor has unconnected port SW[9]
WARNING: [Synth 8-3331] design Procesor has unconnected port SW[8]
WARNING: [Synth 8-3331] design Procesor has unconnected port SW[4]
WARNING: [Synth 8-3331] design Procesor has unconnected port SW[3]
WARNING: [Synth 8-3331] design Procesor has unconnected port SW[2]
WARNING: [Synth 8-3331] design Procesor has unconnected port SW[1]
WARNING: [Synth 8-3331] design Procesor has unconnected port SW[0]
warning: Removed RAM C7/RAM_reg due to inactive write enable
WARNING: [Synth 8-6014] Unused sequential element C7/RAM_reg was removed. 
warning: Removed RAM C4/REG/RegFile_reg due to inactive write enable
WARNING: [Synth 8-6014] Unused sequential element C4/REG/RegFile_reg was removed. 
INFO: [Synth 8-3886] merging instance 'C3/OUTPC_reg[0]' (FDCE) to 'C3/OUTPC_reg[1]'
INFO: [Synth 8-3886] merging instance 'C3/OUTPC_reg[2]' (FDCE) to 'C3/OUTPC_reg[3]'
INFO: [Synth 8-3886] merging instance 'C3/OUTPC_reg[4]' (FDCE) to 'C3/OUTPC_reg[5]'
INFO: [Synth 8-3886] merging instance 'C3/OUTPC_reg[6]' (FDCE) to 'C3/OUTPC_reg[7]'
INFO: [Synth 8-3333] propagating constant 0 across sequential element (\C3/OUTPC_reg[1] )
INFO: [Synth 8-3886] merging instance 'C3/OUTPC_reg[1]' (FDCE) to 'C3/OUTPC_reg[7]'
INFO: [Synth 8-3886] merging instance 'C3/OUTPC_reg[3]' (FDCE) to 'C3/OUTPC_reg[7]'
INFO: [Synth 8-3886] merging instance 'C3/OUTPC_reg[5]' (FDCE) to 'C3/OUTPC_reg[7]'
INFO: [Synth 8-3333] propagating constant 0 across sequential element (\C3/OUTPC_reg[7] )
INFO: [Synth 8-3886] merging instance 'C3/OUTPC_reg[8]' (FDCE) to 'C3/OUTPC_reg[7]'
INFO: [Synth 8-3886] merging instance 'C3/OUTPC_reg[9]' (FDCE) to 'C3/OUTPC_reg[7]'
INFO: [Synth 8-3886] merging instance 'C3/OUTPC_reg[10]' (FDCE) to 'C3/OUTPC_reg[11]'
INFO: [Synth 8-3886] merging instance 'C3/OUTPC_reg[12]' (FDCE) to 'C3/OUTPC_reg[13]'
INFO: [Synth 8-3333] propagating constant 0 across sequential element (\C3/OUTPC_reg[7] )
INFO: [Synth 8-3886] merging instance 'C3/OUTPC_reg[7]' (FDCE) to 'C3/OUTPC_reg[14]'
INFO: [Synth 8-3886] merging instance 'C3/OUTPC_reg[11]' (FDCE) to 'C3/OUTPC_reg[14]'
INFO: [Synth 8-3886] merging instance 'C3/OUTPC_reg[13]' (FDCE) to 'C3/OUTPC_reg[14]'
INFO: [Synth 8-3886] merging instance 'C3/OUTPC_reg[14]' (FDCE) to 'C3/OUTPC_reg[15]'
INFO: [Synth 8-3333] propagating constant 0 across sequential element (\C3/OUTPC_reg[15] )
INFO: [Synth 8-3886] merging instance 'C3/OUTPC_reg[16]' (FDCE) to 'C3/OUTPC_reg[15]'
INFO: [Synth 8-3886] merging instance 'C3/OUTPC_reg[17]' (FDCE) to 'C3/OUTPC_reg[15]'
INFO: [Synth 8-3886] merging instance 'C3/OUTPC_reg[18]' (FDCE) to 'C3/OUTPC_reg[19]'
INFO: [Synth 8-3886] merging instance 'C3/OUTPC_reg[20]' (FDCE) to 'C3/OUTPC_reg[21]'
INFO: [Synth 8-3333] propagating constant 0 across sequential element (\C3/OUTPC_reg[15] )
INFO: [Synth 8-3886] merging instance 'C3/OUTPC_reg[15]' (FDCE) to 'C3/OUTPC_reg[22]'
INFO: [Synth 8-3886] merging instance 'C3/OUTPC_reg[19]' (FDCE) to 'C3/OUTPC_reg[22]'
INFO: [Synth 8-3886] merging instance 'C3/OUTPC_reg[21]' (FDCE) to 'C3/OUTPC_reg[22]'
INFO: [Synth 8-3886] merging instance 'C3/OUTPC_reg[22]' (FDCE) to 'C3/OUTPC_reg[23]'
INFO: [Synth 8-3333] propagating constant 0 across sequential element (\C3/OUTPC_reg[23] )
INFO: [Synth 8-3886] merging instance 'C3/OUTPC_reg[24]' (FDCE) to 'C3/OUTPC_reg[23]'
INFO: [Synth 8-3886] merging instance 'C3/OUTPC_reg[25]' (FDCE) to 'C3/OUTPC_reg[23]'
INFO: [Synth 8-3886] merging instance 'C3/OUTPC_reg[26]' (FDCE) to 'C3/OUTPC_reg[27]'
INFO: [Synth 8-3886] merging instance 'C3/OUTPC_reg[28]' (FDCE) to 'C3/OUTPC_reg[29]'
INFO: [Synth 8-3333] propagating constant 0 across sequential element (\C3/OUTPC_reg[23] )
WARNING: [Synth 8-3332] Sequential element (C4/REG/RD1_reg[31]) is unused and will be removed from module Procesor.
WARNING: [Synth 8-3332] Sequential element (C4/REG/RD1_reg[30]) is unused and will be removed from module Procesor.
WARNING: [Synth 8-3332] Sequential element (C4/REG/RD1_reg[29]) is unused and will be removed from module Procesor.
WARNING: [Synth 8-3332] Sequential element (C4/REG/RD1_reg[28]) is unused and will be removed from module Procesor.
WARNING: [Synth 8-3332] Sequential element (C4/REG/RD1_reg[27]) is unused and will be removed from module Procesor.
WARNING: [Synth 8-3332] Sequential element (C4/REG/RD1_reg[26]) is unused and will be removed from module Procesor.
WARNING: [Synth 8-3332] Sequential element (C4/REG/RD1_reg[25]) is unused and will be removed from module Procesor.
WARNING: [Synth 8-3332] Sequential element (C4/REG/RD1_reg[24]) is unused and will be removed from module Procesor.
WARNING: [Synth 8-3332] Sequential element (C4/REG/RD1_reg[23]) is unused and will be removed from module Procesor.
WARNING: [Synth 8-3332] Sequential element (C4/REG/RD1_reg[22]) is unused and will be removed from module Procesor.
WARNING: [Synth 8-3332] Sequential element (C4/REG/RD1_reg[21]) is unused and will be removed from module Procesor.
WARNING: [Synth 8-3332] Sequential element (C4/REG/RD1_reg[20]) is unused and will be removed from module Procesor.
WARNING: [Synth 8-3332] Sequential element (C4/REG/RD1_reg[19]) is unused and will be removed from module Procesor.
WARNING: [Synth 8-3332] Sequential element (C4/REG/RD1_reg[18]) is unused and will be removed from module Procesor.
WARNING: [Synth 8-3332] Sequential element (C4/REG/RD1_reg[17]) is unused and will be removed from module Procesor.
WARNING: [Synth 8-3332] Sequential element (C4/REG/RD1_reg[16]) is unused and will be removed from module Procesor.
WARNING: [Synth 8-3332] Sequential element (C4/REG/RD1_reg[15]) is unused and will be removed from module Procesor.
WARNING: [Synth 8-3332] Sequential element (C4/REG/RD1_reg[14]) is unused and will be removed from module Procesor.
WARNING: [Synth 8-3332] Sequential element (C4/REG/RD1_reg[13]) is unused and will be removed from module Procesor.
WARNING: [Synth 8-3332] Sequential element (C4/REG/RD1_reg[12]) is unused and will be removed from module Procesor.
WARNING: [Synth 8-3332] Sequential element (C4/REG/RD1_reg[11]) is unused and will be removed from module Procesor.
WARNING: [Synth 8-3332] Sequential element (C4/REG/RD1_reg[10]) is unused and will be removed from module Procesor.
WARNING: [Synth 8-3332] Sequential element (C4/REG/RD1_reg[9]) is unused and will be removed from module Procesor.
WARNING: [Synth 8-3332] Sequential element (C4/REG/RD1_reg[8]) is unused and will be removed from module Procesor.
WARNING: [Synth 8-3332] Sequential element (C4/REG/RD1_reg[7]) is unused and will be removed from module Procesor.
WARNING: [Synth 8-3332] Sequential element (C4/REG/RD1_reg[6]) is unused and will be removed from module Procesor.
WARNING: [Synth 8-3332] Sequential element (C4/REG/RD1_reg[5]) is unused and will be removed from module Procesor.
WARNING: [Synth 8-3332] Sequential element (C4/REG/RD1_reg[4]) is unused and will be removed from module Procesor.
WARNING: [Synth 8-3332] Sequential element (C4/REG/RD1_reg[3]) is unused and will be removed from module Procesor.
WARNING: [Synth 8-3332] Sequential element (C4/REG/RD1_reg[2]) is unused and will be removed from module Procesor.
WARNING: [Synth 8-3332] Sequential element (C4/REG/RD1_reg[1]) is unused and will be removed from module Procesor.
WARNING: [Synth 8-3332] Sequential element (C4/REG/RD1_reg[0]) is unused and will be removed from module Procesor.
WARNING: [Synth 8-3332] Sequential element (C4/REG/RD2_reg[31]) is unused and will be removed from module Procesor.
WARNING: [Synth 8-3332] Sequential element (C4/REG/RD2_reg[30]) is unused and will be removed from module Procesor.
WARNING: [Synth 8-3332] Sequential element (C4/REG/RD2_reg[29]) is unused and will be removed from module Procesor.
WARNING: [Synth 8-3332] Sequential element (C4/REG/RD2_reg[28]) is unused and will be removed from module Procesor.
WARNING: [Synth 8-3332] Sequential element (C4/REG/RD2_reg[27]) is unused and will be removed from module Procesor.
WARNING: [Synth 8-3332] Sequential element (C4/REG/RD2_reg[26]) is unused and will be removed from module Procesor.
WARNING: [Synth 8-3332] Sequential element (C4/REG/RD2_reg[25]) is unused and will be removed from module Procesor.
WARNING: [Synth 8-3332] Sequential element (C4/REG/RD2_reg[24]) is unused and will be removed from module Procesor.
WARNING: [Synth 8-3332] Sequential element (C4/REG/RD2_reg[23]) is unused and will be removed from module Procesor.
WARNING: [Synth 8-3332] Sequential element (C4/REG/RD2_reg[22]) is unused and will be removed from module Procesor.
WARNING: [Synth 8-3332] Sequential element (C4/REG/RD2_reg[21]) is unused and will be removed from module Procesor.
WARNING: [Synth 8-3332] Sequential element (C4/REG/RD2_reg[20]) is unused and will be removed from module Procesor.
WARNING: [Synth 8-3332] Sequential element (C4/REG/RD2_reg[19]) is unused and will be removed from module Procesor.
WARNING: [Synth 8-3332] Sequential element (C4/REG/RD2_reg[18]) is unused and will be removed from module Procesor.
WARNING: [Synth 8-3332] Sequential element (C4/REG/RD2_reg[17]) is unused and will be removed from module Procesor.
WARNING: [Synth 8-3332] Sequential element (C4/REG/RD2_reg[16]) is unused and will be removed from module Procesor.
WARNING: [Synth 8-3332] Sequential element (C4/REG/RD2_reg[15]) is unused and will be removed from module Procesor.
WARNING: [Synth 8-3332] Sequential element (C4/REG/RD2_reg[14]) is unused and will be removed from module Procesor.
WARNING: [Synth 8-3332] Sequential element (C4/REG/RD2_reg[13]) is unused and will be removed from module Procesor.
WARNING: [Synth 8-3332] Sequential element (C4/REG/RD2_reg[12]) is unused and will be removed from module Procesor.
WARNING: [Synth 8-3332] Sequential element (C4/REG/RD2_reg[11]) is unused and will be removed from module Procesor.
WARNING: [Synth 8-3332] Sequential element (C4/REG/RD2_reg[10]) is unused and will be removed from module Procesor.
WARNING: [Synth 8-3332] Sequential element (C4/REG/RD2_reg[9]) is unused and will be removed from module Procesor.
WARNING: [Synth 8-3332] Sequential element (C4/REG/RD2_reg[8]) is unused and will be removed from module Procesor.
WARNING: [Synth 8-3332] Sequential element (C4/REG/RD2_reg[7]) is unused and will be removed from module Procesor.
WARNING: [Synth 8-3332] Sequential element (C4/REG/RD2_reg[6]) is unused and will be removed from module Procesor.
WARNING: [Synth 8-3332] Sequential element (C4/REG/RD2_reg[5]) is unused and will be removed from module Procesor.
WARNING: [Synth 8-3332] Sequential element (C4/REG/RD2_reg[4]) is unused and will be removed from module Procesor.
WARNING: [Synth 8-3332] Sequential element (C4/REG/RD2_reg[3]) is unused and will be removed from module Procesor.
WARNING: [Synth 8-3332] Sequential element (C4/REG/RD2_reg[2]) is unused and will be removed from module Procesor.
WARNING: [Synth 8-3332] Sequential element (C4/REG/RD2_reg[1]) is unused and will be removed from module Procesor.
WARNING: [Synth 8-3332] Sequential element (C4/REG/RD2_reg[0]) is unused and will be removed from module Procesor.
CRITICAL WARNING: [Synth 8-6859] multi-driven net on pin ALUOp[2] with 1st driver pin 'C5/ALUOp_inferred/ALUOp_reg[2]' [D:/LogisimEvolution/Proiecte/VivadoPr/Procesor/Procesor.srcs/sources_1/new/MainControlUnit.vhd:21]
CRITICAL WARNING: [Synth 8-6859] multi-driven net on pin ALUOp[2] with 2nd driver pin 'GND' [D:/LogisimEvolution/Proiecte/VivadoPr/Procesor/Procesor.srcs/sources_1/new/MainControlUnit.vhd:21]
CRITICAL WARNING: [Synth 8-6858] multi-driven net ALUOp[2] is connected to at least one constant driver which has been preserved, other driver is ignored [D:/LogisimEvolution/Proiecte/VivadoPr/Procesor/Procesor.srcs/sources_1/new/MainControlUnit.vhd:21]
CRITICAL WARNING: [Synth 8-6859] multi-driven net on pin ALUOp[1] with 1st driver pin 'C5/ALUOp_inferred/ALUOp_reg[1]' [D:/LogisimEvolution/Proiecte/VivadoPr/Procesor/Procesor.srcs/sources_1/new/MainControlUnit.vhd:21]
CRITICAL WARNING: [Synth 8-6859] multi-driven net on pin ALUOp[1] with 2nd driver pin 'GND' [D:/LogisimEvolution/Proiecte/VivadoPr/Procesor/Procesor.srcs/sources_1/new/MainControlUnit.vhd:21]
CRITICAL WARNING: [Synth 8-6858] multi-driven net ALUOp[1] is connected to at least one constant driver which has been preserved, other driver is ignored [D:/LogisimEvolution/Proiecte/VivadoPr/Procesor/Procesor.srcs/sources_1/new/MainControlUnit.vhd:21]
CRITICAL WARNING: [Synth 8-6859] multi-driven net on pin ALUOp[0] with 1st driver pin 'C5/ALUOp_inferred/ALUOp_reg[0]' [D:/LogisimEvolution/Proiecte/VivadoPr/Procesor/Procesor.srcs/sources_1/new/MainControlUnit.vhd:21]
CRITICAL WARNING: [Synth 8-6859] multi-driven net on pin ALUOp[0] with 2nd driver pin 'GND' [D:/LogisimEvolution/Proiecte/VivadoPr/Procesor/Procesor.srcs/sources_1/new/MainControlUnit.vhd:21]
CRITICAL WARNING: [Synth 8-6858] multi-driven net ALUOp[0] is connected to at least one constant driver which has been preserved, other driver is ignored [D:/LogisimEvolution/Proiecte/VivadoPr/Procesor/Procesor.srcs/sources_1/new/MainControlUnit.vhd:21]
CRITICAL WARNING: [Synth 8-6859] multi-driven net on pin MemWrite with 1st driver pin 'C5/MemWrite_inferred/MemWrite_reg' [D:/LogisimEvolution/Proiecte/VivadoPr/Procesor/Procesor.srcs/sources_1/new/MainControlUnit.vhd:20]
CRITICAL WARNING: [Synth 8-6859] multi-driven net on pin MemWrite with 2nd driver pin 'GND' [D:/LogisimEvolution/Proiecte/VivadoPr/Procesor/Procesor.srcs/sources_1/new/MainControlUnit.vhd:20]
CRITICAL WARNING: [Synth 8-6858] multi-driven net MemWrite is connected to at least one constant driver which has been preserved, other driver is ignored [D:/LogisimEvolution/Proiecte/VivadoPr/Procesor/Procesor.srcs/sources_1/new/MainControlUnit.vhd:20]
CRITICAL WARNING: [Synth 8-6859] multi-driven net on pin RegWrite with 1st driver pin 'C5/RegWrite_inferred/RegWrite_reg' [D:/LogisimEvolution/Proiecte/VivadoPr/Procesor/Procesor.srcs/sources_1/new/MainControlUnit.vhd:21]
CRITICAL WARNING: [Synth 8-6859] multi-driven net on pin RegWrite with 2nd driver pin 'GND' [D:/LogisimEvolution/Proiecte/VivadoPr/Procesor/Procesor.srcs/sources_1/new/MainControlUnit.vhd:21]
CRITICAL WARNING: [Synth 8-6858] multi-driven net RegWrite is connected to at least one constant driver which has been preserved, other driver is ignored [D:/LogisimEvolution/Proiecte/VivadoPr/Procesor/Procesor.srcs/sources_1/new/MainControlUnit.vhd:21]
WARNING: [Synth 8-3332] Sequential element (C5/RegDst_reg) is unused and will be removed from module Procesor.
CRITICAL WARNING: [Synth 8-6859] multi-driven net on pin Q with 1st driver pin 'C5/RegDst_reg/Q' [D:/LogisimEvolution/Proiecte/VivadoPr/Procesor/Procesor.srcs/sources_1/new/MainControlUnit.vhd:19]
CRITICAL WARNING: [Synth 8-6859] multi-driven net on pin Q with 2nd driver pin 'GND' [D:/LogisimEvolution/Proiecte/VivadoPr/Procesor/Procesor.srcs/sources_1/new/MainControlUnit.vhd:19]
CRITICAL WARNING: [Synth 8-6858] multi-driven net Q is connected to at least one constant driver which has been preserved, other driver is ignored [D:/LogisimEvolution/Proiecte/VivadoPr/Procesor/Procesor.srcs/sources_1/new/MainControlUnit.vhd:19]
WARNING: [Synth 8-3332] Sequential element (C5/ExtOp_reg) is unused and will be removed from module Procesor.
CRITICAL WARNING: [Synth 8-6859] multi-driven net on pin Q with 1st driver pin 'C5/ExtOp_reg/Q' [D:/LogisimEvolution/Proiecte/VivadoPr/Procesor/Procesor.srcs/sources_1/new/MainControlUnit.vhd:19]
CRITICAL WARNING: [Synth 8-6859] multi-driven net on pin Q with 2nd driver pin 'GND' [D:/LogisimEvolution/Proiecte/VivadoPr/Procesor/Procesor.srcs/sources_1/new/MainControlUnit.vhd:19]
CRITICAL WARNING: [Synth 8-6858] multi-driven net Q is connected to at least one constant driver which has been preserved, other driver is ignored [D:/LogisimEvolution/Proiecte/VivadoPr/Procesor/Procesor.srcs/sources_1/new/MainControlUnit.vhd:19]
WARNING: [Synth 8-3332] Sequential element (C5/ALUSrc_reg) is unused and will be removed from module Procesor.
CRITICAL WARNING: [Synth 8-6859] multi-driven net on pin Q with 1st driver pin 'C5/ALUSrc_reg/Q' [D:/LogisimEvolution/Proiecte/VivadoPr/Procesor/Procesor.srcs/sources_1/new/MainControlUnit.vhd:19]
CRITICAL WARNING: [Synth 8-6859] multi-driven net on pin Q with 2nd driver pin 'GND' [D:/LogisimEvolution/Proiecte/VivadoPr/Procesor/Procesor.srcs/sources_1/new/MainControlUnit.vhd:19]
CRITICAL WARNING: [Synth 8-6858] multi-driven net Q is connected to at least one constant driver which has been preserved, other driver is ignored [D:/LogisimEvolution/Proiecte/VivadoPr/Procesor/Procesor.srcs/sources_1/new/MainControlUnit.vhd:19]
WARNING: [Synth 8-3332] Sequential element (C5/Branch_reg) is unused and will be removed from module Procesor.
CRITICAL WARNING: [Synth 8-6859] multi-driven net on pin Q with 1st driver pin 'C5/Branch_reg/Q' [D:/LogisimEvolution/Proiecte/VivadoPr/Procesor/Procesor.srcs/sources_1/new/MainControlUnit.vhd:20]
CRITICAL WARNING: [Synth 8-6859] multi-driven net on pin Q with 2nd driver pin 'GND' [D:/LogisimEvolution/Proiecte/VivadoPr/Procesor/Procesor.srcs/sources_1/new/MainControlUnit.vhd:20]
CRITICAL WARNING: [Synth 8-6858] multi-driven net Q is connected to at least one constant driver which has been preserved, other driver is ignored [D:/LogisimEvolution/Proiecte/VivadoPr/Procesor/Procesor.srcs/sources_1/new/MainControlUnit.vhd:20]
WARNING: [Synth 8-3332] Sequential element (C5/MemToReg_reg) is unused and will be removed from module Procesor.
CRITICAL WARNING: [Synth 8-6859] multi-driven net on pin Q with 1st driver pin 'C5/MemToReg_reg/Q' [D:/LogisimEvolution/Proiecte/VivadoPr/Procesor/Procesor.srcs/sources_1/new/MainControlUnit.vhd:21]
CRITICAL WARNING: [Synth 8-6859] multi-driven net on pin Q with 2nd driver pin 'GND' [D:/LogisimEvolution/Proiecte/VivadoPr/Procesor/Procesor.srcs/sources_1/new/MainControlUnit.vhd:21]
CRITICAL WARNING: [Synth 8-6858] multi-driven net Q is connected to at least one constant driver which has been preserved, other driver is ignored [D:/LogisimEvolution/Proiecte/VivadoPr/Procesor/Procesor.srcs/sources_1/new/MainControlUnit.vhd:21]
---------------------------------------------------------------------------------
Finished Cross Boundary and Area Optimization : Time (s): cpu = 00:00:10 ; elapsed = 00:00:12 . Memory (MB): peak = 751.754 ; gain = 490.211
---------------------------------------------------------------------------------

Report RTL Partitions: 
+-+--------------+------------+----------+
| |RTL Partition |Replication |Instances |
+-+--------------+------------+----------+
+-+--------------+------------+----------+
---------------------------------------------------------------------------------
Start Applying XDC Timing Constraints
---------------------------------------------------------------------------------
---------------------------------------------------------------------------------
Finished Applying XDC Timing Constraints : Time (s): cpu = 00:00:17 ; elapsed = 00:00:18 . Memory (MB): peak = 752.707 ; gain = 491.164
---------------------------------------------------------------------------------
---------------------------------------------------------------------------------
Start Timing Optimization
---------------------------------------------------------------------------------
---------------------------------------------------------------------------------
Finished Timing Optimization : Time (s): cpu = 00:00:17 ; elapsed = 00:00:18 . Memory (MB): peak = 752.781 ; gain = 491.238
---------------------------------------------------------------------------------

Report RTL Partitions: 
+-+--------------+------------+----------+
| |RTL Partition |Replication |Instances |
+-+--------------+------------+----------+
+-+--------------+------------+----------+
---------------------------------------------------------------------------------
Start Technology Mapping
---------------------------------------------------------------------------------
---------------------------------------------------------------------------------
Finished Technology Mapping : Time (s): cpu = 00:00:17 ; elapsed = 00:00:18 . Memory (MB): peak = 762.840 ; gain = 501.297
---------------------------------------------------------------------------------

Report RTL Partitions: 
+-+--------------+------------+----------+
| |RTL Partition |Replication |Instances |
+-+--------------+------------+----------+
+-+--------------+------------+----------+
---------------------------------------------------------------------------------
Start IO Insertion
---------------------------------------------------------------------------------
---------------------------------------------------------------------------------
Start Flattening Before IO Insertion
---------------------------------------------------------------------------------
---------------------------------------------------------------------------------
Finished Flattening Before IO Insertion
---------------------------------------------------------------------------------
---------------------------------------------------------------------------------
Start Final Netlist Cleanup
---------------------------------------------------------------------------------
---------------------------------------------------------------------------------
Finished Final Netlist Cleanup
---------------------------------------------------------------------------------
---------------------------------------------------------------------------------
Finished IO Insertion : Time (s): cpu = 00:00:18 ; elapsed = 00:00:19 . Memory (MB): peak = 762.840 ; gain = 501.297
---------------------------------------------------------------------------------

Report Check Netlist: 
+------+------------------+-------+---------+-------+------------------+
|      |Item              |Errors |Warnings |Status |Description       |
+------+------------------+-------+---------+-------+------------------+
|1     |multi_driven_nets |      0|        0|Passed |Multi driven nets |
+------+------------------+-------+---------+-------+------------------+
---------------------------------------------------------------------------------
Start Renaming Generated Instances
---------------------------------------------------------------------------------
---------------------------------------------------------------------------------
Finished Renaming Generated Instances : Time (s): cpu = 00:00:18 ; elapsed = 00:00:19 . Memory (MB): peak = 762.840 ; gain = 501.297
---------------------------------------------------------------------------------

Report RTL Partitions: 
+-+--------------+------------+----------+
| |RTL Partition |Replication |Instances |
+-+--------------+------------+----------+
+-+--------------+------------+----------+
---------------------------------------------------------------------------------
Start Rebuilding User Hierarchy
---------------------------------------------------------------------------------
---------------------------------------------------------------------------------
Finished Rebuilding User Hierarchy : Time (s): cpu = 00:00:18 ; elapsed = 00:00:19 . Memory (MB): peak = 762.840 ; gain = 501.297
---------------------------------------------------------------------------------
---------------------------------------------------------------------------------
Start Renaming Generated Ports
---------------------------------------------------------------------------------
---------------------------------------------------------------------------------
Finished Renaming Generated Ports : Time (s): cpu = 00:00:18 ; elapsed = 00:00:19 . Memory (MB): peak = 762.840 ; gain = 501.297
---------------------------------------------------------------------------------
---------------------------------------------------------------------------------
Start Handling Custom Attributes
---------------------------------------------------------------------------------
---------------------------------------------------------------------------------
Finished Handling Custom Attributes : Time (s): cpu = 00:00:18 ; elapsed = 00:00:19 . Memory (MB): peak = 762.840 ; gain = 501.297
---------------------------------------------------------------------------------
---------------------------------------------------------------------------------
Start Renaming Generated Nets
---------------------------------------------------------------------------------
---------------------------------------------------------------------------------
Finished Renaming Generated Nets : Time (s): cpu = 00:00:18 ; elapsed = 00:00:19 . Memory (MB): peak = 762.840 ; gain = 501.297
---------------------------------------------------------------------------------
---------------------------------------------------------------------------------
Start Writing Synthesis Report
---------------------------------------------------------------------------------

Report BlackBoxes: 
+-+--------------+----------+
| |BlackBox name |Instances |
+-+--------------+----------+
+-+--------------+----------+

Report Cell Usage: 
+------+-------+------+
|      |Cell   |Count |
+------+-------+------+
|1     |BUFG   |     1|
|2     |CARRY4 |     5|
|3     |LUT1   |     1|
|4     |LUT3   |     8|
|5     |LUT5   |     1|
|6     |LUT6   |     4|
|7     |FDRE   |    17|
|8     |IBUF   |     4|
|9     |OBUF   |    25|
|10    |OBUFT  |     6|
+------+-------+------+

Report Instance Areas: 
+------+---------+---------+------+
|      |Instance |Module   |Cells |
+------+---------+---------+------+
|1     |top      |         |    72|
|2     |  C8     |SEGMENTE |    36|
+------+---------+---------+------+
---------------------------------------------------------------------------------
Finished Writing Synthesis Report : Time (s): cpu = 00:00:18 ; elapsed = 00:00:19 . Memory (MB): peak = 762.840 ; gain = 501.297
---------------------------------------------------------------------------------
Synthesis finished with 0 errors, 30 critical warnings and 110 warnings.
Synthesis Optimization Runtime : Time (s): cpu = 00:00:11 ; elapsed = 00:00:14 . Memory (MB): peak = 762.840 ; gain = 167.754
Synthesis Optimization Complete : Time (s): cpu = 00:00:18 ; elapsed = 00:00:19 . Memory (MB): peak = 762.840 ; gain = 501.297
INFO: [Project 1-571] Translating synthesized netlist
INFO: [Netlist 29-17] Analyzing 5 Unisim elements for replacement
INFO: [Netlist 29-28] Unisim Transformation completed in 0 CPU seconds
INFO: [Project 1-570] Preparing netlist for logic optimization
INFO: [Opt 31-138] Pushed 0 inverter(s) to 0 load pin(s).
Netlist sorting complete. Time (s): cpu = 00:00:00 ; elapsed = 00:00:00 . Memory (MB): peak = 773.246 ; gain = 0.000
INFO: [Project 1-111] Unisim Transformation Summary:
No Unisim elements were transformed.

INFO: [Common 17-83] Releasing license: Synthesis
83 Infos, 192 Warnings, 84 Critical Warnings and 0 Errors encountered.
synth_design completed successfully
synth_design: Time (s): cpu = 00:00:20 ; elapsed = 00:00:21 . Memory (MB): peak = 773.246 ; gain = 524.801
Netlist sorting complete. Time (s): cpu = 00:00:00 ; elapsed = 00:00:00 . Memory (MB): peak = 773.246 ; gain = 0.000
WARNING: [Constraints 18-5210] No constraints selected for write.
Resolution: This message can indicate that there are no constraints for the design, or it can indicate that the used_in flags are set such that the constraints are ignored. This later case is used when running synth_design to not write synthesis constraints to the resulting checkpoint. Instead, project constraints are read when the synthesized design is opened.
INFO: [Common 17-1381] The checkpoint 'D:/LogisimEvolution/Proiecte/VivadoPr/Procesor/Procesor.runs/synth_1/Procesor.dcp' has been generated.
INFO: [runtcl-4] Executing : report_utilization -file Procesor_utilization_synth.rpt -pb Procesor_utilization_synth.pb
INFO: [Common 17-206] Exiting Vivado at Thu Apr 18 00:54:19 2024...
